Command line:
"travis"


   ________                                 __
  /        |                               /  |
  ########/ ______    ______    __     __  ##/    _______
     ## |  /      \  /      \  /  \   /  | /  |  /       |
     ## | /######  | ######  | ##  \ /##/  ## | /#######/
     ## | ## |  ##/  /    ## |  ##  /##/   ## | ##      \
     ## | ## |      /####### |   ## ##/    ## |  ######  |
     ## | ## |      ##    ## |    ###/     ## | /     ##/
     ##/  ##/        #######/      #/      ##/  #######/

     TRajectory Analyzer and VISualizer  -  Open-source freeware under GNU GPL v3

     Copyright (c) Martin Brehm      (2009-2017), University of Halle (Saale)
                   Martin Thomas     (2012-2017)
                   Barbara Kirchner  (2009-2017), University of Bonn

     http://www.travis-analyzer.de

     Please cite: M. Brehm, B. Kirchner: J. Chem. Inf. Model. 2011, 51 (8), pp 2007-2023.

     There is absolutely no warranty on any results obtained from TRAVIS.

  #  Running on coder-Inspiron-3558 at Thu Sep  3 14:57:15 2020 (PID 4213).
  #  Running in /home/yongama/projects/settingsBillExpress.js
  #  Code version: Aug 12 2017, compiled at Jan 14 2018 01:39:14, compiler "7.2.0", GCC 7.2.0
  #  Target platform: Linux, compile flags: DEBUG_ARRAYS 
  #  Machine: int=4b, long=8b, addr=8b, 0xA0B0C0D0=D0,C0,B0,A0.
  #  User home: /home/yongama, executable: /usr/bin/travis
  #  Input from terminal, Output to terminal

 >>> Please use a color scheme with dark background or specify "-nocolor"! <<<

    Loading configuration from /home/yongama/.travis.conf ...

    No trajectory file specified.
    Please use the "-p" flag to specify an input trajectory in the command line.

    Enter the file name of the trajectory file to open: [Quit] 

*** SIGINT caught: Hard interrupt by user ***
Stopping execution.
Decoding line numbers... ("addr2line <addr> -f -i -C -e /usr/bin/travis")
 # 13 - [0x55d3c5bdd0d6] - ?? - ??:0 
 # 12 - [0x55d3c5bdd789] - ?? - ??:0 
 # 11 - [0x55d3c5bdd854] - ?? - ??:0 
 # 10 - [0x7fc8ebc35f20] - ?? - ??:0 
 #  9 - [0x7fc8ebd0707f] - ?? - ??:0 
 #  8 - [0x7fc8ebc84148] - ?? - ??:0 
 #  7 - [0x7fc8ebc853f2] - ?? - ??:0 
 #  6 - [0x7fc8ebc76e62] - ?? - ??:0 
 #  5 - [0x7fc8ebc75bcd] - ?? - ??:0 
 #  4 - [0x55d3c5bd5954] - ?? - ??:0 
 #  3 - [0x55d3c5af72e1] - ?? - ??:0 
 #  2 - [0x7fc8ebc18b97] - ?? - ??:0 
 #  1 - [0x55d3c5b291ba] - ?? - ??:0 
Delivering control to operating system.
